<?xml version="1.0" encoding="UTF-8"?>
<testsuite name="com.cses.solutions.Introductory.RepetitionsTest" tests="7" skipped="0" failures="0" errors="0" timestamp="2024-06-23T20:02:01" hostname="bcd074aff54d" time="0.017">
  <properties/>
  <testcase name="testLongestRepetitionForAllSameCharacters()" classname="com.cses.solutions.Introductory.RepetitionsTest" time="0.011"/>
  <testcase name="testLongestRepetitionForNoRepetition()" classname="com.cses.solutions.Introductory.RepetitionsTest" time="0.001"/>
  <testcase name="testLongestRepetitionForSingleCharacter()" classname="com.cses.solutions.Introductory.RepetitionsTest" time="0.001"/>
  <testcase name="testLongestRepetitionForMixedCharacters()" classname="com.cses.solutions.Introductory.RepetitionsTest" time="0.0"/>
  <testcase name="testLongestRepetitionForMultipleRepetitions()" classname="com.cses.solutions.Introductory.RepetitionsTest" time="0.001"/>
  <testcase name="testLongestRepetitionForEndRepetition()" classname="com.cses.solutions.Introductory.RepetitionsTest" time="0.001"/>
  <testcase name="testLongestRepetitionForBeginningRepetition()" classname="com.cses.solutions.Introductory.RepetitionsTest" time="0.0"/>
  <system-out><![CDATA[]]></system-out>
  <system-err><![CDATA[]]></system-err>
</testsuite>
